<?xml version="1.0" encoding="UTF-8"?>
<!-- Generated by org.testng.reporters.JUnitXMLReporter -->
<testsuite ignored="7" hostname="Sajid" failures="0" tests="6" name="Default test" time="27.965" errors="0" timestamp="2024-01-29T21:14:29 BDT">
  <testcase classname="testcases.TestLogin" name="testLoginWithInvalidCredentials" time="11.878"/>
  <testcase classname="testcases.TestLogin" name="testLoginWithInvalidCredentials" time="2.461"/>
  <testcase classname="testcases.TestLogin" name="testLoginWithInvalidCredentials" time="2.463"/>
  <testcase classname="testcases.TestLogin" name="testLoginWithInvalidCredentials" time="2.393"/>
  <testcase classname="testcases.TestLogin" name="testLoginWithInvalidCredentials" time="2.478"/>
  <testcase classname="testcases.TestLogin" name="testLoginWithInvalidCredentials" time="2.463"/>
  <testcase classname="testcases.TestLogin" name="testLoginWithValidCredentials" time="0.0">
    <ignored/>
  </testcase> <!-- testLoginWithValidCredentials -->
  <testcase classname="testcases.TestLogin" name="testLoginWithoutPassword" time="0.0">
    <ignored/>
  </testcase> <!-- testLoginWithoutPassword -->
  <testcase classname="testcases.TestLogin" name="testLoginWithoutEmail" time="0.0">
    <ignored/>
  </testcase> <!-- testLoginWithoutEmail -->
  <testcase classname="testcases.TestLogin" name="testLoginWithInvalidPassword" time="0.0">
    <ignored/>
  </testcase> <!-- testLoginWithInvalidPassword -->
  <testcase classname="testcases.TestLogin" name="testLoginWithoutEmailPassword" time="0.0">
    <ignored/>
  </testcase> <!-- testLoginWithoutEmailPassword -->
  <testcase classname="testcases.TestLogin" name="testLoginWithInvalidEmail" time="0.0">
    <ignored/>
  </testcase> <!-- testLoginWithInvalidEmail -->
  <testcase classname="testcases.TestLogin" name="testLoginWithInvalidEmailPassword" time="0.0">
    <ignored/>
  </testcase> <!-- testLoginWithInvalidEmailPassword -->
</testsuite> <!-- Default test -->
