<?xml version="1.0" encoding="UTF-8"?>
<testng-results ignored="0" total="1" passed="1" failed="0" skipped="0">
  <reporter-output>
  </reporter-output>
  <suite started-at="2024-02-09T16:05:17 BDT" name="Default suite" finished-at="2024-02-09T16:05:36 BDT" duration-ms="18993">
    <groups>
    </groups>
    <test started-at="2024-02-09T16:05:17 BDT" name="Default test" finished-at="2024-02-09T16:05:36 BDT" duration-ms="18993">
      <class name="testcases.TestProductAdd">
        <test-method is-config="true" signature="openABrowser()[pri:0, instance:testcases.TestProductAdd@10a9d961]" started-at="2024-02-09T16:05:17 BDT" name="openABrowser" finished-at="2024-02-09T16:05:19 BDT" duration-ms="2079" status="PASS">
          <reporter-output>
          </reporter-output>
        </test-method> <!-- openABrowser -->
        <test-method signature="testAddToCart()[pri:0, instance:testcases.TestProductAdd@10a9d961]" started-at="2024-02-09T16:05:19 BDT" name="testAddToCart" finished-at="2024-02-09T16:05:36 BDT" duration-ms="16441" status="PASS">
          <reporter-output>
          </reporter-output>
        </test-method> <!-- testAddToCart -->
        <test-method is-config="true" signature="quiteBrowser()[pri:0, instance:testcases.TestProductAdd@10a9d961]" started-at="2024-02-09T16:05:36 BDT" name="quiteBrowser" finished-at="2024-02-09T16:05:36 BDT" duration-ms="367" status="PASS">
          <reporter-output>
          </reporter-output>
        </test-method> <!-- quiteBrowser -->
      </class> <!-- testcases.TestProductAdd -->
    </test> <!-- Default test -->
  </suite> <!-- Default suite -->
</testng-results>
